app/build/intermediates/manifest_merge_blame_file/release/processReleaseMainManifest/manifest-merger-blame-release-report.txt
1<?xml version="1.0" encoding="utf-8"?>
2<manifest xmlns:android="http://schemas.android.com/apk/res/android"
3    package="edu.byuh.cis.ussupremecourt"
4    android:versionCode="15"
5    android:versionName="1.08" >
6
7    <uses-sdk
8        android:minSdkVersion="21"
9        android:targetSdkVersion="35" />
10
11    <permission
11-->[androidx.core:core:1.17.0] AndroidManifest.xml:22:5-24:47
12        android:name="edu.byuh.cis.ussupremecourt.DYNAMIC_RECEIVER_NOT_EXPORTED_PERMISSION"
12-->[androidx.core:core:1.17.0] AndroidManifest.xml:23:9-81
13        android:protectionLevel="signature" />
13-->[androidx.core:core:1.17.0] AndroidManifest.xml:24:9-44
14
15    <uses-permission android:name="edu.byuh.cis.ussupremecourt.DYNAMIC_RECEIVER_NOT_EXPORTED_PERMISSION" />
15-->[androidx.core:core:1.17.0] AndroidManifest.xml:26:5-97
15-->[androidx.core:core:1.17.0] AndroidManifest.xml:26:22-94
16
17    <application
17-->src/main/AndroidManifest.xml:5:5-21:19
18        android:allowBackup="true"
18-->src/main/AndroidManifest.xml:6:9-35
19        android:appComponentFactory="androidx.core.app.CoreComponentFactory"
19-->[androidx.core:core:1.17.0] AndroidManifest.xml:28:18-86
20        android:extractNativeLibs="true"
21        android:icon="@mipmap/ic_launcher"
21-->src/main/AndroidManifest.xml:7:9-43
22        android:label="@string/app_name"
22-->src/main/AndroidManifest.xml:8:9-41
23        android:theme="@style/AppTheme" >
23-->src/main/AndroidManifest.xml:9:9-40
24        <activity
24-->src/main/AndroidManifest.xml:10:9-20:20
25            android:name="edu.byuh.cis.ussupremecourt.MainActivity"
25-->src/main/AndroidManifest.xml:11:13-68
26            android:exported="true"
26-->src/main/AndroidManifest.xml:12:13-36
27            android:label="@string/app_name" >
27-->src/main/AndroidManifest.xml:13:13-45
28            <intent-filter android:label="@string/short_app_name" >
28-->src/main/AndroidManifest.xml:15:13-19:29
28-->src/main/AndroidManifest.xml:16:17-55
29                <action android:name="android.intent.action.MAIN" />
29-->src/main/AndroidManifest.xml:17:17-69
29-->src/main/AndroidManifest.xml:17:25-66
30
31                <category android:name="android.intent.category.LAUNCHER" />
31-->src/main/AndroidManifest.xml:18:17-77
31-->src/main/AndroidManifest.xml:18:27-74
32            </intent-filter>
33        </activity>
34
35        <provider
35-->[androidx.profileinstaller:profileinstaller:1.3.0] AndroidManifest.xml:24:9-32:20
36            android:name="androidx.startup.InitializationProvider"
36-->[androidx.profileinstaller:profileinstaller:1.3.0] AndroidManifest.xml:25:13-67
37            android:authorities="edu.byuh.cis.ussupremecourt.androidx-startup"
37-->[androidx.profileinstaller:profileinstaller:1.3.0] AndroidManifest.xml:26:13-68
38            android:exported="false" >
38-->[androidx.profileinstaller:profileinstaller:1.3.0] AndroidManifest.xml:27:13-37
39            <meta-data
39-->[androidx.profileinstaller:profileinstaller:1.3.0] AndroidManifest.xml:29:13-31:52
40                android:name="androidx.profileinstaller.ProfileInstallerInitializer"
40-->[androidx.profileinstaller:profileinstaller:1.3.0] AndroidManifest.xml:30:17-85
41                android:value="androidx.startup" />
41-->[androidx.profileinstaller:profileinstaller:1.3.0] AndroidManifest.xml:31:17-49
42        </provider>
43
44        <receiver
44-->[androidx.profileinstaller:profileinstaller:1.3.0] AndroidManifest.xml:34:9-52:20
45            android:name="androidx.profileinstaller.ProfileInstallReceiver"
45-->[androidx.profileinstaller:profileinstaller:1.3.0] AndroidManifest.xml:35:13-76
46            android:directBootAware="false"
46-->[androidx.profileinstaller:profileinstaller:1.3.0] AndroidManifest.xml:36:13-44
47            android:enabled="true"
47-->[androidx.profileinstaller:profileinstaller:1.3.0] AndroidManifest.xml:37:13-35
48            android:exported="true"
48-->[androidx.profileinstaller:profileinstaller:1.3.0] AndroidManifest.xml:38:13-36
49            android:permission="android.permission.DUMP" >
49-->[androidx.profileinstaller:profileinstaller:1.3.0] AndroidManifest.xml:39:13-57
50            <intent-filter>
50-->[androidx.profileinstaller:profileinstaller:1.3.0] AndroidManifest.xml:40:13-42:29
51                <action android:name="androidx.profileinstaller.action.INSTALL_PROFILE" />
51-->[androidx.profileinstaller:profileinstaller:1.3.0] AndroidManifest.xml:41:17-91
51-->[androidx.profileinstaller:profileinstaller:1.3.0] AndroidManifest.xml:41:25-88
52            </intent-filter>
53            <intent-filter>
53-->[androidx.profileinstaller:profileinstaller:1.3.0] AndroidManifest.xml:43:13-45:29
54                <action android:name="androidx.profileinstaller.action.SKIP_FILE" />
54-->[androidx.profileinstaller:profileinstaller:1.3.0] AndroidManifest.xml:44:17-85
54-->[androidx.profileinstaller:profileinstaller:1.3.0] AndroidManifest.xml:44:25-82
55            </intent-filter>
56            <intent-filter>
56-->[androidx.profileinstaller:profileinstaller:1.3.0] AndroidManifest.xml:46:13-48:29
57                <action android:name="androidx.profileinstaller.action.SAVE_PROFILE" />
57-->[androidx.profileinstaller:profileinstaller:1.3.0] AndroidManifest.xml:47:17-88
57-->[androidx.profileinstaller:profileinstaller:1.3.0] AndroidManifest.xml:47:25-85
58            </intent-filter>
59            <intent-filter>
59-->[androidx.profileinstaller:profileinstaller:1.3.0] AndroidManifest.xml:49:13-51:29
60                <action android:name="androidx.profileinstaller.action.BENCHMARK_OPERATION" />
60-->[androidx.profileinstaller:profileinstaller:1.3.0] AndroidManifest.xml:50:17-95
60-->[androidx.profileinstaller:profileinstaller:1.3.0] AndroidManifest.xml:50:25-92
61            </intent-filter>
62        </receiver>
63    </application>
64
65</manifest>